<?xml version="1.0" encoding="UTF-8"?>
<!-- Generated by org.testng.reporters.JUnitReportReporter -->
<testsuite hostname="PERU-METO" failures="0" tests="1" name="org.meto.appium.tests.TFRsefour" time="0.000" errors="0" timestamp="2024-09-09T17:51:41 COT" skipped="1">
  <testcase classname="org.meto.appium.tests.TFRsefour" name="TestRsefour" time="0.000">
    <skipped/>
  </testcase> <!-- TestRsefour -->
  <system-out/>
</testsuite> <!-- org.meto.appium.tests.TFRsefour -->
